<?xml version="1.0" encoding="UTF-8"?>
<!-- Generated by org.testng.reporters.JUnitReportReporter -->
<testsuite hostname="Navish" name="practicesession.dro" tests="1" failures="0" timestamp="8 Nov 2017 19:25:13 GMT" time="16.365" errors="0">
  <testcase name="dropdown" time="16.365" classname="practicesession.dro"/>
</testsuite> <!-- practicesession.dro -->
